#-----------------------------------------------------------
# Vivado v2020.2 (64-bit)
# SW Build 3064766 on Wed Nov 18 09:12:45 MST 2020
# IP Build 3064653 on Wed Nov 18 14:17:31 MST 2020
# Start of session at: Tue Mar 30 08:00:00 2021
# Process ID: 1536
# Current directory: C:/Users/naume/OneDrive/Desktop/Facultate/Materiale Semestru II/CN/Labs/Lab3
# Command line: vivado.exe -gui_launcher_event rodinguilauncherevent13520 C:\Users\naume\OneDrive\Desktop\Facultate\Materiale Semestru II\CN\Labs\Lab3\Lab3.xpr
# Log file: C:/Users/naume/OneDrive/Desktop/Facultate/Materiale Semestru II/CN/Labs/Lab3/vivado.log
# Journal file: C:/Users/naume/OneDrive/Desktop/Facultate/Materiale Semestru II/CN/Labs/Lab3\vivado.jou
#-----------------------------------------------------------
start_gui
open_project {C:/Users/naume/OneDrive/Desktop/Facultate/Materiale Semestru II/CN/Labs/Lab3/Lab3.xpr}
INFO: [Project 1-313] Project file moved from 'C:/Users/naume/OneDrive/Desktop/Materiale Semestru II/CN/Labs/Lab3' since last save.
WARNING: [filemgmt 56-2] Default IP Output Path : Could not find the directory 'C:/Users/naume/OneDrive/Desktop/Facultate/Materiale Semestru II/CN/Labs/Lab3/Lab3.gen/sources_1', nor could it be found using path 'C:/Users/naume/OneDrive/Desktop/Materiale Semestru II/CN/Labs/Lab3/Lab3.gen/sources_1'.
Scanning sources...
Finished scanning sources
INFO: [IP_Flow 19-234] Refreshing IP repositories
INFO: [IP_Flow 19-1704] No user IP repositories specified
INFO: [IP_Flow 19-2313] Loaded Vivado IP repository 'C:/Xilinx/Vivado/2020.2/data/ip'.
open_project: Time (s): cpu = 00:00:18 ; elapsed = 00:00:09 . Memory (MB): peak = 1001.328 ; gain = 0.000
update_compile_order -fileset sources_1
exit
INFO: [Common 17-206] Exiting Vivado at Tue Mar 30 10:09:49 2021...
